0:100  0:100  MemLog inited, TSC freq: 2808405310
0:100  0:000  CPU was calibrated with RTC
0:100  0:000  
0:100  0:000  Now is 30.4.2019,  14:30:30 (GMT)
0:100  0:000  Starting Clover revision: 4920 on American Megatrends EFI
0:100  0:000  Build with: [Args: -mc --no-usb -D NO_GRUB_DRIVERS_EMBEDDED -t XCODE8 | -D DISABLE_USB_SUPPORT -D NO_GRUB_DRIVERS_EMBEDDED --conf=/Users/macman/src/edk2/Conf -D USE_BIOS_BLOCKIO -D USE_LOW_EBDA -a X64 -b RELEASE -t XCODE8 -n 13 | OS: 10.14.4 | XCODE: 10.2]
0:100  0:000  SelfDevicePath=PciRoot(0x0)\Pci(0x1C,0x0)\Pci(0x0,0x0)\NVMe(0x1,85-49-46-22-28-B7-26-00)\HD(1,GPT,6F76A65F-C064-4821-9C1D-58C644C6C80D,0x28,0x64000) @8035F118
0:100  0:000  SelfDirPath = \EFI\BOOT
0:101  0:000  === [ Get Smbios ] ========================================
0:101  0:000  Type 16 Index = 0
0:101  0:000  Total Memory Slots Count = 2
0:101  0:000  Type 17 Index = 0
0:101  0:000  SmbiosTable.Type17->Speed = 2666MHz
0:101  0:000  SmbiosTable.Type17->Size = 16384MB
0:101  0:000  SmbiosTable.Type17->Bank/Device = BANK 0 ChannelA-DIMM1
0:101  0:000  SmbiosTable.Type17->Vendor = Patriot
0:101  0:000  SmbiosTable.Type17->SerialNumber = 00000000
0:101  0:000  SmbiosTable.Type17->PartNumber = 2666 C18 Series     
0:101  0:000  Type 17 Index = 1
0:101  0:000  Ignoring insane frequency value 0MHz
0:101  0:000  SmbiosTable.Type17->Speed = 0MHz
0:101  0:000  SmbiosTable.Type17->Size = 0MB
0:101  0:000  SmbiosTable.Type17->Bank/Device = BANK 2 ChannelB-DIMM1
0:101  0:000  SmbiosTable.Type17->Vendor = <null string>
0:101  0:000  SmbiosTable.Type17->SerialNumber = <null string>
0:101  0:000  SmbiosTable.Type17->PartNumber = <null string>
0:101  0:000  Boot status=0
0:101  0:000  Running on: 'System Product Name' with board 'PRIME H310T'
0:101  0:000  === [ GetCPUProperties ] ==================================
0:101  0:000  CPU Vendor = 756E6547 Model=906EA
0:101  0:000   The CPU supported SSE4.1
0:101  0:000  BrandString = Intel(R) Core(TM) i5-8400 CPU @ 2.80GHz
0:101  0:000   The CPU supported turbo
0:101  0:000  MSR 0x35               60006
0:101  0:000   TSC/CCC Information Leaf:
0:101  0:000    numerator     : 234
0:101  0:000    denominator   : 2
0:101  0:000   Calibrated ARTFrequency: 24003464
0:101  0:000  MSR 0xE2 before patch 1E000000
0:101  0:000  MSR 0xCE              00080838_F1011C00
0:101  0:000  corrected FLEX_RATIO = 0
0:101  0:000  FSBFrequency = 99 MHz, DMI FSBFrequency = 100 MHz, Corrected FSBFrequency = 100 MHz
0:101  0:000  MaxDiv/MinDiv: 28.0/8
0:101  0:000  Turbo: 39/39/39/40
0:101  0:000  Features: 0xBFEBFBFF
0:101  0:000  Threads: 6
0:101  0:000  Cores: 6
0:101  0:000  FSB: 100 MHz
0:101  0:000  CPU: 2772 MHz
0:101  0:000  TSC: 2772 MHz
0:101  0:000  PIS: 100 MHz
0:101  0:000  ExternalClock: 25 MHz
0:101  0:000  === [ GetDevices ] ========================================
0:101  0:000  PCI (00|00:00.00) : 8086 3EC2 class=060000
0:101  0:000  PCI (00|00:02.00) : 8086 3E92 class=030000
0:101  0:000   - GFX: Model=Intel UHD Graphics 630 (Intel)
0:101  0:000  PCI (00|00:14.00) : 8086 A36D class=0C0330
0:101  0:000  PCI (00|00:14.02) : 8086 A36F class=050000
0:101  0:000  PCI (00|00:16.00) : 8086 A360 class=078000
0:101  0:000  PCI (00|00:17.00) : 8086 A352 class=010601
0:101  0:000  PCI (00|00:1C.00) : 8086 A33C class=060400
0:101  0:000  PCI (00|01:00.00) : 2646 5008 class=010802
0:101  0:000  PCI (00|00:1D.00) : 8086 A332 class=060400
0:101  0:000  PCI (00|02:00.00) : 10EC 8168 class=020000
0:101  0:000   - LAN: 0 Vendor=Realtek
0:101  0:000  PCI (00|00:1D.03) : 8086 A333 class=060400
0:101  0:000  PCI (00|03:00.00) : 14E4 43B1 class=028000
0:101  0:000   - WIFI: Vendor=Broadcom
0:101  0:000  PCI (00|00:1F.00) : 8086 A303 class=060100
0:101  0:000  PCI (00|00:1F.03) : 8086 A348 class=040300
0:101  0:000  PCI (00|00:1F.04) : 8086 A323 class=0C0500
0:101  0:000  PCI (00|00:1F.05) : 8086 A324 class=0C8000
0:101  0:000  === [ GetDefaultSettings ] ================================
0:101  0:000  Clover load options size = 0 bytes
0:104  0:002  EFI\CLOVER\config.plist loaded: Success
0:104  0:000  === [ GetListOfThemes ] ===================================
0:104  0:000  - [00]: tonymacx86
0:105  0:000  - [01]: random
0:106  0:000  - [01]: embedded
0:106  0:000  === [ Found config plists ] ===============================
0:107  0:001  - config.plist
0:107  0:000  - config-generate.plist
0:107  0:000  - config-youtube.plist
0:108  0:000  - config-rehab.plist
0:108  0:000  - config-hack.plist
0:109  0:000  === [ GetEarlyUserSettings ] ==============================
0:109  0:000  Custom boot CUSTOM_BOOT_DISABLED (0x0)
0:109  0:000  KextsToPatch: 5 requested
0:109  0:000   - [00]: com.apple.driver.usb.AppleUSBXHCI (Port limit increase) :: MatchOS: 10.12.x :: BinPatch :: data len: 7
0:109  0:000   - [01]: com.apple.driver.usb.AppleUSBXHCI (Port limit increase (RehabMan)) :: MatchOS: 10.13.x :: BinPatch :: data len: 10
0:109  0:000   - [02]: com.apple.driver.usb.AppleUSBXHCI (change 15 port limit to 26 in XHCI kext (credit PMHeart)) :: MatchOS: 10.14.0 :: BinPatch :: data len: 9
0:109  0:000   - patch disabled at config
0:109  0:000   - [03]: com.apple.driver.usb.AppleUSBXHCI (USB Port limit patch 10.14.1 18B45d (credits Ricky)) :: MatchOS: 10.14.x :: BinPatch :: data len: 9
0:109  0:000   - [04]: AppleAHCIPort (External Icons Patch) :: BinPatch :: data len: 8
0:109  0:000   Custom EDID is ok
0:109  0:000  === [ LoadDrivers ] =======================================
0:109  0:000  Loading PartitionDxe-64.efi  status=Success
0:111  0:001   - driver needs connecting
0:111  0:000  Loading DataHubDxe-64.efi  status=Success
0:115  0:004  Loading VBoxHfs-64.efi  status=Success
0:116  0:001   - driver needs connecting
0:116  0:000  Loading FSInject-64.efi  status=Success
0:117  0:000  Loading ApfsDriverLoader-64.efi  status=Success
0:117  0:000   - driver needs connecting
0:117  0:000  Loading SMCHelper-64.efi  status=Success
0:118  0:000  Loading AptioMemoryFix-64.efi  status=Success
0:120  0:001  Loading AudioDxe-64.efi  status=Success
0:120  0:000   - driver needs connecting
0:120  0:000  Loading EmuVariableUefi-64.efi  status=Success
0:121  0:001  EmuVariableUefi Initialize: VariableCommonInitialize = Success, orig services stored, install gEmuVariableControlProtocolGuid = Success
0:123  0:001  4 drivers needs connecting ...
0:123  0:000  PlatformDriverOverrideProtocol not found. Installing ... Success
0:123  0:000  Partition driver loaded: 
0:123  0:000  APFS driver loaded
0:123  0:000  Searching for invalid DiskIo BY_DRIVER connects: not found, all ok
5:112  4:988  EmuVariable InstallEmulation: orig vars copied, emu.var.services installed, CreateEvent VirtualAddressChange = Success, CreateEvent ExitBootServices = Success, set Status=Success
5:159  0:047  === [ InitScreen ] ========================================
5:159  0:000  Console modes reported: 4, available modes:
5:159  0:000   - [01]: 80x25 (current mode)
5:159  0:000   - [02]: 80x50
5:159  0:000   - [03]: 100x31
5:159  0:000   - [04]: 160x53
5:159  0:000  SetMaxResolution: found best mode 0: 1280x1024
5:460  0:301  Video mode change to mode #0: Success
5:460  0:000   - set
5:460  0:000  reinit: self device path=PciRoot(0x0)\Pci(0x1C,0x0)\Pci(0x0,0x0)\NVMe(0x1,85-49-46-22-28-B7-26-00)\HD(1,GPT,6F76A65F-C064-4821-9C1D-58C644C6C80D,0x28,0x64000)
5:461  0:000  === [ GetMacAddress ] =====================================
5:461  0:000  === [ ScanSPD ] ===========================================
5:461  0:000  Scanning SMBus [8086:A323], mmio: 0xA1618004, ioport: 0xEFA0, hostc: 0x11
5:480  0:018  Slot: 0 Type 26 16384MB 2666MHz Vendor=Patriot Memory (PDP Systems) PartNo=2666C18Series SerialNo=0000000000000000
5:482  0:001  === [ GetAcpiTablesList ] =================================
5:482  0:000  Get Acpi Tables List from RSDT:
5:482  0:000   - [00]: FACP  A M I  len=132
5:482  0:000   - [01]: APIC  A M I  len=160
5:482  0:000   - [02]: FPDT  A M I  len=68
5:482  0:000   - [03]: FIDT  A M I len=156
5:482  0:000   - [04]: MCFG  A M I  len=60
5:482  0:000   - [05]: WSMT  A M I  len=40
5:482  0:000   - [06]: SSDT  CpuSsdt len=6940
5:482  0:000   - [07]: SSDT  SaSsdt  len=12966
5:482  0:000   - [08]: HPET  A M I  len=56
5:482  0:000   - [09]: SSDT  Ther_Rvp len=4014
5:482  0:000   - [10]: SSDT  xh_cfsd4 len=12235
5:482  0:000   - [11]: UEFI  A M I  len=66
5:482  0:000   - [12]: LPIT  A M I  len=148
5:482  0:000   - [13]: SSDT  PtidDevc len=10206
5:482  0:000   - [14]: SSDT  TbtTypeC len=5346
5:482  0:000   - [15]: DBGP  A M I  len=52
5:482  0:000   - [16]: DBG2  A M I  len=84
5:482  0:000   - [17]: SSDT  ADebTabl len=324
5:482  0:000   - [18]: BGRT  A M I  len=56
5:482  0:000  Calibrated TSC Frequency = 2808405310 = 2808MHz
5:482  0:000  === [ GetUserSettings ] ===================================
5:482  0:000   Custom EDID is ok
5:482  0:000  Can't install EdidOverride on ImageHandle
5:482  0:000  Add 4 devices:
5:482  0:000  USB FixOwnership: yes
5:482  0:000   - final DSDT Fix mask=00000000
5:482  0:000  ResetAddr: 0x0
5:482  0:000  Calc ResetVal: 0x0
5:482  0:000  ResetVal: 0x0
5:482  0:000  smartUPS: present
5:482  0:000  Using ProductName from config: iMac18,1
5:482  0:000  Using latest BiosVersion from clover
5:482  0:000  BiosVersion: IM181.88Z.F000.B00.1902181222
5:482  0:000  BiosReleaseDate: 02/18/2019
5:482  0:000  Using EfiVersion from config: 167.0.0.0.0
5:482  0:000  Using FirmwareFeatures from config: 0xFC0FE137
5:482  0:000  Using FirmwareFeaturesMask from config: 0xFF1FFF3F
5:482  0:000  Board-ID set from config as Mac-4B682C642B45593E
5:482  0:000  BoardType: 0xA
5:482  0:000  ChassisType: 0x9
5:482  0:000  Error: invalid CustomUUID '' - should be in the format XXXXXXXX-XXXX-XXXX-XXXX-XXXXXXXXXXXX
5:482  0:000  === [ Found DSDT tables ] =================================
5:566  0:083  === [ ScanVolumes ] =======================================
5:566  0:000  Found 7 volumes with blockIO
5:566  0:000  - [00]: Volume: PciRoot(0x0)\Pci(0x1C,0x0)\Pci(0x0,0x0)\NVMe(0x1,85-49-46-22-28-B7-26-00)
5:566  0:000  - [01]: Volume: PciRoot(0x0)\Pci(0x1C,0x0)\Pci(0x0,0x0)\NVMe(0x1,85-49-46-22-28-B7-26-00)\HD(1,GPT,6F76A65F-C064-4821-9C1D-58C644C6C80D,0x28,0x64000)
5:567  0:000          Result of bootcode detection: bootable unknown (legacy)
5:567  0:000          This is SelfVolume !!
5:567  0:000  - [02]: Volume: PciRoot(0x0)\Pci(0x1C,0x0)\Pci(0x0,0x0)\NVMe(0x1,85-49-46-22-28-B7-26-00)\HD(2,GPT,93E5F759-EA6B-45B1-B22A-5A52E1F30EC0,0x64028,0x1BEC0460)
5:567  0:000          Result of bootcode detection: bootable unknown (legacy)
5:567  0:000  - [03]: Volume: PciRoot(0x0)\Pci(0x1C,0x0)\Pci(0x0,0x0)\NVMe(0x1,85-49-46-22-28-B7-26-00)\HD(2,GPT,93E5F759-EA6B-45B1-B22A-5A52E1F30EC0,0x64028,0x1BEC0460)\VenMedia(BE74FCF7-0B7C-49F3-9147-01F4042E6842,FD18020FC9CF444AB55426B2CDDD25AC)
5:567  0:000  - [04]: Volume: PciRoot(0x0)\Pci(0x1C,0x0)\Pci(0x0,0x0)\NVMe(0x1,85-49-46-22-28-B7-26-00)\HD(2,GPT,93E5F759-EA6B-45B1-B22A-5A52E1F30EC0,0x64028,0x1BEC0460)\VenMedia(BE74FCF7-0B7C-49F3-9147-01F4042E6842,52080887B4887B419EB8034DB4B5B3E5)
5:567  0:000  - [05]: Volume: PciRoot(0x0)\Pci(0x1C,0x0)\Pci(0x0,0x0)\NVMe(0x1,85-49-46-22-28-B7-26-00)\HD(2,GPT,93E5F759-EA6B-45B1-B22A-5A52E1F30EC0,0x64028,0x1BEC0460)\VenMedia(BE74FCF7-0B7C-49F3-9147-01F4042E6842,69FB166B4CFD0D448D5DB4AB3BD107A9)
5:567  0:000  - [06]: Volume: PciRoot(0x0)\Pci(0x1C,0x0)\Pci(0x0,0x0)\NVMe(0x1,85-49-46-22-28-B7-26-00)\HD(2,GPT,93E5F759-EA6B-45B1-B22A-5A52E1F30EC0,0x64028,0x1BEC0460)\VenMedia(BE74FCF7-0B7C-49F3-9147-01F4042E6842,F9D1667778F69B4DA77490FC8F0248C7)
5:571  0:003  PutNvramPlistToRtVars: nvram.plist not found
5:571  0:000  found 2 handles with audio
5:571  0:000  No AudioIoDevice stored
5:571  0:000  no stored audio parameters
5:571  0:000  === [ InitTheme ] =========================================
5:571  0:000  use daylight theme
5:571  0:000  no default theme, get random theme tonymacx86
5:571  0:000   using embedded theme
5:571  0:000  got embedded sound
5:571  0:000    Channels: 2  Sample rate: 8000 Hz  Bits: 16
5:571  0:000  output to channel 0 with volume 70, len=25600
5:571  0:000   sound channels=2 bits=16 freq=8000
5:572  0:000  sound converted to 48kHz
5:572  0:000  not found AudioIo to play
5:572  0:000  sound play end with status=75B1B312
5:572  0:000  Using embedded font: Success
5:573  0:000  theme inited
5:573  0:000  Chosen embedded theme
5:573  0:000  after NVRAM boot-args=dart=0 shikigva=40
5:573  0:000  === [ Dump SMC keys from NVRAM ] ==========================
5:573  0:000  found AppleSMC protocol
5:573  0:000  Registered 16 SMC keys
5:573  0:000  === [ ScanLoader ] ========================================
5:573  0:000  - [01]: 'EFI'
5:582  0:008          AddLoaderEntry for Volume Name=EFI
5:582  0:000          skipped because entry is hidden
5:582  0:000  - [03]: 'Preboot'
5:597  0:015          AddLoaderEntry for Volume Name=Preboot
5:615  0:017      Check if volume Is Hibernated:
5:615  0:000      Check sleep image 'by signature':
5:617  0:001      using default sleep image name = \private\var\vm\sleepimage
5:618  0:000      sleepimage not found -> Not Found
5:618  0:000      hibernated: no - sign
5:625  0:007          AddLoaderEntry for Volume Name=Preboot
5:674  0:048  - [04]: 'Mojave'
5:705  0:031          AddLoaderEntry for Volume Name=Mojave
5:937  0:231          AddLoaderEntry for Volume Name=Mojave
5:972  0:035      Check if volume Is Hibernated:
5:972  0:000      Check sleep image 'by signature':
6:016  0:043      read prefs \Library\Preferences\com.apple.PowerManagement.plist status=Success
6:016  0:000      using default sleep image name = \private\var\vm\sleepimage
6:035  0:019      sleepimage not found -> Not Found
6:035  0:000      hibernated: no - sign
8:085  2:049          AddLoaderEntry for Volume Name=Mojave
8:085  0:000          skipped because entry is hidden
8:085  0:000  - [05]: 'Recovery'
8:098  0:013          AddLoaderEntry for Volume Name=Recovery
8:137  0:039  - [06]: 'VM'
8:137  0:000  Scanning legacy ...
8:137  0:000  === [ AddCustomTool ] =====================================
8:138  0:000  found tool \EFI\CLOVER\tools\Shell64U.efi
8:138  0:000  Checking EFI partition Volume 1 for Clover
8:138  0:000   Found Clover
8:139  0:000  EmuVariable UninstallEmulation: CloseEvent = Success, original var services restored
8:139  0:000  EmuVariable InstallEmulation: orig vars copied, emu.var.services installed, CreateEvent VirtualAddressChange = Success, CreateEvent ExitBootServices = Success, set Status=Success
8:187  0:048  === [ GetEfiBootDeviceFromNvram ] =========================
8:187  0:000  Default boot entry not found
8:187  0:000  EmuVariable UninstallEmulation: CloseEvent = Success, original var services restored
8:187  0:000  DefaultIndex=-1 and MainMenu.EntryCount=11
8:276  0:088  GUI ready
22:121  13:845  EDITED: dart=0 shikigva=40 igfxframe=0x3e9b0000
22:814  0:692  ReinitSelfLib after theme change
22:814  0:000  reinit: self device path=PciRoot(0x0)\Pci(0x1C,0x0)\Pci(0x0,0x0)\NVMe(0x1,85-49-46-22-28-B7-26-00)\HD(1,GPT,6F76A65F-C064-4821-9C1D-58C644C6C80D,0x28,0x64000)
22:814  0:000  === [ ScanVolumes ] =======================================
22:814  0:000  Found 7 volumes with blockIO
22:814  0:000  - [00]: Volume: PciRoot(0x0)\Pci(0x1C,0x0)\Pci(0x0,0x0)\NVMe(0x1,85-49-46-22-28-B7-26-00)
22:814  0:000  - [01]: Volume: PciRoot(0x0)\Pci(0x1C,0x0)\Pci(0x0,0x0)\NVMe(0x1,85-49-46-22-28-B7-26-00)\HD(1,GPT,6F76A65F-C064-4821-9C1D-58C644C6C80D,0x28,0x64000)
22:815  0:000          Result of bootcode detection: bootable unknown (legacy)
22:815  0:000          This is SelfVolume !!
22:815  0:000  - [02]: Volume: PciRoot(0x0)\Pci(0x1C,0x0)\Pci(0x0,0x0)\NVMe(0x1,85-49-46-22-28-B7-26-00)\HD(2,GPT,93E5F759-EA6B-45B1-B22A-5A52E1F30EC0,0x64028,0x1BEC0460)
22:815  0:000          Result of bootcode detection: bootable unknown (legacy)
22:815  0:000  - [03]: Volume: PciRoot(0x0)\Pci(0x1C,0x0)\Pci(0x0,0x0)\NVMe(0x1,85-49-46-22-28-B7-26-00)\HD(2,GPT,93E5F759-EA6B-45B1-B22A-5A52E1F30EC0,0x64028,0x1BEC0460)\VenMedia(BE74FCF7-0B7C-49F3-9147-01F4042E6842,FD18020FC9CF444AB55426B2CDDD25AC)
22:815  0:000  - [04]: Volume: PciRoot(0x0)\Pci(0x1C,0x0)\Pci(0x0,0x0)\NVMe(0x1,85-49-46-22-28-B7-26-00)\HD(2,GPT,93E5F759-EA6B-45B1-B22A-5A52E1F30EC0,0x64028,0x1BEC0460)\VenMedia(BE74FCF7-0B7C-49F3-9147-01F4042E6842,52080887B4887B419EB8034DB4B5B3E5)
22:815  0:000  - [05]: Volume: PciRoot(0x0)\Pci(0x1C,0x0)\Pci(0x0,0x0)\NVMe(0x1,85-49-46-22-28-B7-26-00)\HD(2,GPT,93E5F759-EA6B-45B1-B22A-5A52E1F30EC0,0x64028,0x1BEC0460)\VenMedia(BE74FCF7-0B7C-49F3-9147-01F4042E6842,69FB166B4CFD0D448D5DB4AB3BD107A9)
22:815  0:000  - [06]: Volume: PciRoot(0x0)\Pci(0x1C,0x0)\Pci(0x0,0x0)\NVMe(0x1,85-49-46-22-28-B7-26-00)\HD(2,GPT,93E5F759-EA6B-45B1-B22A-5A52E1F30EC0,0x64028,0x1BEC0460)\VenMedia(BE74FCF7-0B7C-49F3-9147-01F4042E6842,F9D1667778F69B4DA77490FC8F0248C7)
22:816  0:000  found 2 handles with audio
22:816  0:000  No AudioIoDevice stored
22:816  0:000  no stored audio parameters
22:816  0:000  theme inited
22:816  0:000  Chosen embedded theme
22:816  0:000  after NVRAM boot-args=dart=0 shikigva=40 igfxframe=0x3e9b0000 
22:816  0:000  === [ ScanLoader ] ========================================
22:816  0:000  - [01]: 'EFI'
22:821  0:005          AddLoaderEntry for Volume Name=EFI
22:821  0:000          skipped because entry is hidden
22:821  0:000  - [03]: 'Preboot'
22:844  0:022          AddLoaderEntry for Volume Name=Preboot
22:870  0:025      Check if volume Is Hibernated:
22:870  0:000      Check sleep image 'by signature':
22:872  0:002      using default sleep image name = \private\var\vm\sleepimage
22:873  0:000      sleepimage not found -> Not Found
22:873  0:000      hibernated: no - sign
22:883  0:009          AddLoaderEntry for Volume Name=Preboot
22:955  0:071  - [04]: 'Mojave'
22:995  0:040          AddLoaderEntry for Volume Name=Mojave
23:302  0:306          AddLoaderEntry for Volume Name=Mojave
23:348  0:046      Check if volume Is Hibernated:
23:348  0:000      Check sleep image 'by signature':
23:399  0:051      read prefs \Library\Preferences\com.apple.PowerManagement.plist status=Success
23:399  0:000      using default sleep image name = \private\var\vm\sleepimage
23:418  0:019      sleepimage not found -> Not Found
23:418  0:000      hibernated: no - sign
26:289  2:870          AddLoaderEntry for Volume Name=Mojave
26:289  0:000          skipped because entry is hidden
26:289  0:000  - [05]: 'Recovery'
26:308  0:019          AddLoaderEntry for Volume Name=Recovery
26:364  0:055  - [06]: 'VM'
26:364  0:000  Scanning legacy ...
26:364  0:000  === [ AddCustomTool ] =====================================
26:364  0:000  found tool \EFI\CLOVER\tools\Shell64U.efi
26:364  0:000  Checking EFI partition Volume 1 for Clover
26:364  0:000   Found Clover
26:364  0:000  EmuVariable UninstallEmulation: CloseEvent = Invalid Parameter, original var services restored
26:364  0:000  EmuVariable InstallEmulation: orig vars copied, emu.var.services installed, CreateEvent VirtualAddressChange = Success, CreateEvent ExitBootServices = Success, set Status=Success
26:415  0:050  === [ GetEfiBootDeviceFromNvram ] =========================
26:415  0:000  Default boot entry not found
26:415  0:000  EmuVariable UninstallEmulation: CloseEvent = Success, original var services restored
26:415  0:000  DefaultIndex=-1 and MainMenu.EntryCount=11
31:201  4:785  Found BIOS RSDP at FCDD0
31:201  0:000  Printing ACPI tables from RSDP FCDD0 ...
31:201  0:000   FCDD0: 'RSD PTR ', Rev: 2 (Acpi 2.0 or newer), Len: 36
31:201  0:000    (Xsdt: 85F4C0A0, Rsdt: 85F4C028)
31:201  0:000    85F4C0A0: 'XSDT', 'A M I', Rev: 1, Len: 188
31:201  0:000    85F4C028: 'RSDT', 'A M I', Rev: 1, Len: 112
31:201  0:000    Tables in Xsdt: 19
31:201  0:000    0. 85F8C390: 'FACP', 'A M I', Rev: 6, Len: 276
31:201  0:000        (Dsdt: 85F4C1F8, Facs: 863E4080, XDsdt: 85F4C1F8, XFacs: 0)
31:201  0:000        85F4C1F8: 'DSDT', 'A M I', Rev: 2, Len: 262545
31:206  0:004        863E4080: 'FACS', Ver: 2, Len: 64
31:206  0:000    1. 85F8C4A8: 'APIC', 'A M I', Rev: 4, Len: 160
31:206  0:000    2. 85F8C548: 'FPDT', 'A M I', Rev: 1, Len: 68
31:206  0:000    3. 85F8C590: 'FIDT', 'A M I', Rev: 1, Len: 156
31:206  0:000    4. 85F8C630: 'MCFG', 'A M I', Rev: 1, Len: 60
31:206  0:000    5. 85F99400: 'WSMT', 'A M I', Rev: 1, Len: 40
31:206  0:000    6. 85F8C6C8: 'SSDT', 'CpuSsdt', Rev: 2, Len: 6940
31:206  0:000    7. 85F8E1E8: 'SSDT', 'SaSsdt', Rev: 2, Len: 12966
31:206  0:000    8. 85F91490: 'HPET', 'A M I', Rev: 1, Len: 56
31:206  0:000    9. 85F914C8: 'SSDT', 'Ther_Rvp', Rev: 2, Len: 4014
31:206  0:000    10. 85F92478: 'SSDT', 'xh_cfsd4', Rev: 2, Len: 12235
31:206  0:000    11. 85F95448: 'UEFI', 'A M I', Rev: 1, Len: 66
31:206  0:000    12. 85F95490: 'LPIT', 'A M I', Rev: 1, Len: 148
31:206  0:000    13. 85F95528: 'SSDT', 'PtidDevc', Rev: 2, Len: 10206
31:206  0:000    14. 85F97D08: 'SSDT', 'TbtTypeC', Rev: 2, Len: 5346
31:206  0:000    15. 85F991F0: 'DBGP', 'A M I', Rev: 1, Len: 52
31:206  0:000    16. 85F99228: 'DBG2', 'A M I', Rev: 0, Len: 84
31:206  0:000    17. 85F99280: 'SSDT', 'ADebTabl', Rev: 2, Len: 324
31:206  0:000    18. 85F993C8: 'BGRT', 'A M I', Rev: 1, Len: 56
31:206  0:000    Tables in Rsdt: 19
31:206  0:000    0. 85F4C170: 'FACP', 'A M I', Rev: 2, Len: 132
31:206  0:000        (Dsdt: 85F4C1F8, Facs: 863E4040)
31:206  0:000        85F4C1F8: 'DSDT', 'A M I', Rev: 2, Len: 262545
31:211  0:004        863E4040: 'FACS', Ver: 0, Len: 64
31:211  0:000    1. 85F8C4A8: 'APIC', 'A M I', Rev: 4, Len: 160
31:211  0:000    2. 85F8C548: 'FPDT', 'A M I', Rev: 1, Len: 68
31:211  0:000    3. 85F8C590: 'FIDT', 'A M I', Rev: 1, Len: 156
31:211  0:000    4. 85F8C630: 'MCFG', 'A M I', Rev: 1, Len: 60
31:211  0:000    5. 85F99400: 'WSMT', 'A M I', Rev: 1, Len: 40
31:211  0:000    6. 85F8C6C8: 'SSDT', 'CpuSsdt', Rev: 2, Len: 6940
31:211  0:000    7. 85F8E1E8: 'SSDT', 'SaSsdt', Rev: 2, Len: 12966
31:211  0:000    8. 85F91490: 'HPET', 'A M I', Rev: 1, Len: 56
31:211  0:000    9. 85F914C8: 'SSDT', 'Ther_Rvp', Rev: 2, Len: 4014
31:211  0:000    10. 85F92478: 'SSDT', 'xh_cfsd4', Rev: 2, Len: 12235
31:211  0:000    11. 85F95448: 'UEFI', 'A M I', Rev: 1, Len: 66
31:211  0:000    12. 85F95490: 'LPIT', 'A M I', Rev: 1, Len: 148
31:211  0:000    13. 85F95528: 'SSDT', 'PtidDevc', Rev: 2, Len: 10206
31:211  0:000    14. 85F97D08: 'SSDT', 'TbtTypeC', Rev: 2, Len: 5346
31:211  0:000    15. 85F991F0: 'DBGP', 'A M I', Rev: 1, Len: 52
31:211  0:000    16. 85F99228: 'DBG2', 'A M I', Rev: 0, Len: 84
31:211  0:000    17. 85F99280: 'SSDT', 'ADebTabl', Rev: 2, Len: 324
31:211  0:000    18. 85F993C8: 'BGRT', 'A M I', Rev: 1, Len: 56
31:211  0:000  Found UEFI Acpi 2.0 RSDP at 85F4C000
31:211  0:000  Saving ACPI tables from RSDP 85F4C000 to EFI\CLOVER\ACPI\origin ...
31:211  0:000   85F4C000: 'RSD PTR ', Rev: 2 (Acpi 2.0 or newer), Len: 36 -> RSDP.aml
31:235  0:024    (Xsdt: 85F4C0A0, Rsdt: 85F4C028)
31:235  0:000    85F4C0A0: 'XSDT', 'A M I', Rev: 1, Len: 188 -> XSDT.aml
31:256  0:021    85F4C028: 'RSDT', 'A M I', Rev: 1, Len: 112 -> RSDT.aml
31:277  0:021    Tables in Xsdt: 19
31:277  0:000    0. 85F8C390: 'FACP', 'A M I', Rev: 6, Len: 276 -> FACP.aml
31:299  0:021        (Dsdt: 85F4C1F8, Facs: 863E4080, XDsdt: 85F4C1F8, XFacs: 0)
31:299  0:000        85F4C1F8: 'DSDT', 'A M I', Rev: 2, Len: 262545 -> DSDT.aml
31:326  0:026        863E4080: 'FACS', Ver: 2, Len: 64 -> FACS.aml
31:347  0:021    1. 85F8C4A8: 'APIC', 'A M I', Rev: 4, Len: 160 -> APIC.aml
31:368  0:020    2. 85F8C548: 'FPDT', 'A M I', Rev: 1, Len: 68 -> FPDT.aml
31:389  0:021    3. 85F8C590: 'FIDT', 'A M I', Rev: 1, Len: 156 -> FIDT.aml
31:410  0:021    4. 85F8C630: 'MCFG', 'A M I', Rev: 1, Len: 60 -> MCFG.aml
31:432  0:021    5. 85F99400: 'WSMT', 'A M I', Rev: 1, Len: 40 -> WSMT.aml
31:453  0:021    6. 85F8C6C8: 'SSDT', 'CpuSsdt', Rev: 2, Len: 6940 -> SSDT-0-CpuSsdt.aml (Found hidden SSDT 9 pcs)
31:475  0:021        * 85F30418: 'SSDT', 'Cpu0Ist', Rev: 2, Len: 1475  53 53 44 54 C3 05 00 00 02 E4 50 6D 52 65 66 00 Internal length = 1475 -> SSDT-x0_0-Cpu0Ist.aml
31:495  0:020        * 85F03018: 'SSDT', 'ApIst', Rev: 2, Len: 1532  53 53 44 54 FC 05 00 00 02 23 50 6D 52 65 66 00 Internal length = 1532 -> SSDT-x0_1-ApIst.aml
31:517  0:021        * 85F03698: 'SSDT', 'Cpu0Cst', Rev: 2, Len: 1024  53 53 44 54 00 04 00 00 02 D9 50 6D 52 65 66 00 Internal length = 1024 -> SSDT-x0_2-Cpu0Cst.aml
31:538  0:021        * 85F04C18: 'SSDT', 'ApCst', Rev: 2, Len: 778  53 53 44 54 0A 03 00 00 02 E9 50 6D 52 65 66 00 Internal length = 778 -> SSDT-x0_3-ApCst.aml
31:559  0:021        * 85F04018: 'SSDT', 'Cpu0Hwp', Rev: 2, Len: 307  53 53 44 54 33 01 00 00 02 23 50 6D 52 65 66 00 Internal length = 307 -> SSDT-x0_4-Cpu0Hwp.aml
31:581  0:022        * 85F01018: 'SSDT', 'ApHwp', Rev: 2, Len: 791  53 53 44 54 17 03 00 00 02 E3 50 6D 52 65 66 00 Internal length = 791 -> SSDT-x0_5-ApHwp.aml
31:603  0:021        * 85F04198: 'SSDT', 'HwpLvt', Rev: 2, Len: 1828  53 53 44 54 24 07 00 00 02 CA 50 6D 52 65 66 00 Internal length = 1828 -> SSDT-x0_6-HwpLvt.aml
31:624  0:021        * 85F30A98: 'SSDT', 'Cpu0Psd', Rev: 2, Len: 244  53 53 44 54 F4 00 00 00 02 37 50 6D 52 65 66 00 Internal length = 244 -> SSDT-x0_7-Cpu0Psd.aml
31:645  0:021        * 85F02018: 'SSDT', 'ApPsd', Rev: 2, Len: 2736  53 53 44 54 B0 0A 00 00 02 AB 50 6D 52 65 66 00 Internal length = 2736 -> SSDT-x0_8-ApPsd.aml
31:667  0:021  
31:667  0:000    7. 85F8E1E8: 'SSDT', 'SaSsdt', Rev: 2, Len: 12966 -> SSDT-1-SaSsdt.aml
31:688  0:021    8. 85F91490: 'HPET', 'A M I', Rev: 1, Len: 56 -> HPET.aml
31:710  0:022    9. 85F914C8: 'SSDT', 'Ther_Rvp', Rev: 2, Len: 4014 -> SSDT-2-Ther_Rvp.aml
31:733  0:022    10. 85F92478: 'SSDT', 'xh_cfsd4', Rev: 2, Len: 12235 -> SSDT-3-xh_cfsd4.aml
31:754  0:021    11. 85F95448: 'UEFI', 'A M I', Rev: 1, Len: 66 -> UEFI.aml
31:775  0:021    12. 85F95490: 'LPIT', 'A M I', Rev: 1, Len: 148 -> LPIT.aml
31:796  0:021    13. 85F95528: 'SSDT', 'PtidDevc', Rev: 2, Len: 10206 -> SSDT-4-PtidDevc.aml
31:818  0:021    14. 85F97D08: 'SSDT', 'TbtTypeC', Rev: 2, Len: 5346 -> SSDT-5-TbtTypeC.aml
31:839  0:021    15. 85F991F0: 'DBGP', 'A M I', Rev: 1, Len: 52 -> DBGP.aml
31:861  0:021    16. 85F99228: 'DBG2', 'A M I', Rev: 0, Len: 84 -> DBG2.aml
31:883  0:022    17. 85F99280: 'SSDT', 'ADebTabl', Rev: 2, Len: 324 -> SSDT-6-ADebTabl.aml
31:905  0:022    18. 85F993C8: 'BGRT', 'A M I', Rev: 1, Len: 56 -> BGRT.aml
31:926  0:021    Tables in Rsdt: 19
31:926  0:000    0. 85F4C170: 'FACP', 'A M I', Rev: 2, Len: 132 -> RSDT-FACP.aml
31:948  0:021        (Dsdt: 85F4C1F8, Facs: 863E4040)
31:948  0:000        85F4C1F8: 'DSDT', 'A M I', Rev: 2, Len: 262545
31:952  0:004        863E4040: 'FACS', Ver: 0, Len: 64 -> RSDT-FACS.aml
31:974  0:021    1. 85F8C4A8: 'APIC', 'A M I', Rev: 4, Len: 160
31:974  0:000    2. 85F8C548: 'FPDT', 'A M I', Rev: 1, Len: 68
31:974  0:000    3. 85F8C590: 'FIDT', 'A M I', Rev: 1, Len: 156
31:974  0:000    4. 85F8C630: 'MCFG', 'A M I', Rev: 1, Len: 60
31:974  0:000    5. 85F99400: 'WSMT', 'A M I', Rev: 1, Len: 40
31:974  0:000    6. 85F8C6C8: 'SSDT', 'CpuSsdt', Rev: 2, Len: 6940
31:974  0:000    7. 85F8E1E8: 'SSDT', 'SaSsdt', Rev: 2, Len: 12966
31:974  0:000    8. 85F91490: 'HPET', 'A M I', Rev: 1, Len: 56
31:974  0:000    9. 85F914C8: 'SSDT', 'Ther_Rvp', Rev: 2, Len: 4014
31:974  0:000    10. 85F92478: 'SSDT', 'xh_cfsd4', Rev: 2, Len: 12235
31:974  0:000    11. 85F95448: 'UEFI', 'A M I', Rev: 1, Len: 66
31:974  0:000    12. 85F95490: 'LPIT', 'A M I', Rev: 1, Len: 148
31:974  0:000    13. 85F95528: 'SSDT', 'PtidDevc', Rev: 2, Len: 10206
31:974  0:000    14. 85F97D08: 'SSDT', 'TbtTypeC', Rev: 2, Len: 5346
31:974  0:000    15. 85F991F0: 'DBGP', 'A M I', Rev: 1, Len: 52
31:974  0:000    16. 85F99228: 'DBG2', 'A M I', Rev: 0, Len: 84
31:974  0:000    17. 85F99280: 'SSDT', 'ADebTabl', Rev: 2, Len: 324
31:974  0:000    18. 85F993C8: 'BGRT', 'A M I', Rev: 1, Len: 56
31:974  0:000  Found UEFI Acpi 1.0 RSDP at 85F4C000
31:974  0:000  Printing ACPI tables from RSDP 85F4C000 ...
31:974  0:000   85F4C000: 'RSD PTR ', Rev: 2 (Acpi 2.0 or newer), Len: 36
31:974  0:000    (Xsdt: 85F4C0A0, Rsdt: 85F4C028)
31:974  0:000    85F4C0A0: 'XSDT', 'A M I', Rev: 1, Len: 188
31:974  0:000    85F4C028: 'RSDT', 'A M I', Rev: 1, Len: 112
31:974  0:000    Tables in Xsdt: 19
31:974  0:000    0. 85F8C390: 'FACP', 'A M I', Rev: 6, Len: 276
31:974  0:000        (Dsdt: 85F4C1F8, Facs: 863E4080, XDsdt: 85F4C1F8, XFacs: 0)
31:974  0:000        85F4C1F8: 'DSDT', 'A M I', Rev: 2, Len: 262545
31:979  0:004        863E4080: 'FACS', Ver: 2, Len: 64
31:979  0:000    1. 85F8C4A8: 'APIC', 'A M I', Rev: 4, Len: 160
31:979  0:000    2. 85F8C548: 'FPDT', 'A M I', Rev: 1, Len: 68
31:979  0:000    3. 85F8C590: 'FIDT', 'A M I', Rev: 1, Len: 156
31:979  0:000    4. 85F8C630: 'MCFG', 'A M I', Rev: 1, Len: 60
31:979  0:000    5. 85F99400: 'WSMT', 'A M I', Rev: 1, Len: 40
31:979  0:000    6. 85F8C6C8: 'SSDT', 'CpuSsdt', Rev: 2, Len: 6940
31:979  0:000    7. 85F8E1E8: 'SSDT', 'SaSsdt', Rev: 2, Len: 12966
31:979  0:000    8. 85F91490: 'HPET', 'A M I', Rev: 1, Len: 56
31:979  0:000    9. 85F914C8: 'SSDT', 'Ther_Rvp', Rev: 2, Len: 4014
31:979  0:000    10. 85F92478: 'SSDT', 'xh_cfsd4', Rev: 2, Len: 12235
31:979  0:000    11. 85F95448: 'UEFI', 'A M I', Rev: 1, Len: 66
31:979  0:000    12. 85F95490: 'LPIT', 'A M I', Rev: 1, Len: 148
31:979  0:000    13. 85F95528: 'SSDT', 'PtidDevc', Rev: 2, Len: 10206
31:979  0:000    14. 85F97D08: 'SSDT', 'TbtTypeC', Rev: 2, Len: 5346
31:979  0:000    15. 85F991F0: 'DBGP', 'A M I', Rev: 1, Len: 52
31:979  0:000    16. 85F99228: 'DBG2', 'A M I', Rev: 0, Len: 84
31:979  0:000    17. 85F99280: 'SSDT', 'ADebTabl', Rev: 2, Len: 324
31:979  0:000    18. 85F993C8: 'BGRT', 'A M I', Rev: 1, Len: 56
31:979  0:000    Tables in Rsdt: 19
31:979  0:000    0. 85F4C170: 'FACP', 'A M I', Rev: 2, Len: 132
31:979  0:000        (Dsdt: 85F4C1F8, Facs: 863E4040)
31:979  0:000        85F4C1F8: 'DSDT', 'A M I', Rev: 2, Len: 262545
31:983  0:004        863E4040: 'FACS', Ver: 0, Len: 64
31:983  0:000    1. 85F8C4A8: 'APIC', 'A M I', Rev: 4, Len: 160
31:983  0:000    2. 85F8C548: 'FPDT', 'A M I', Rev: 1, Len: 68
31:983  0:000    3. 85F8C590: 'FIDT', 'A M I', Rev: 1, Len: 156
31:983  0:000    4. 85F8C630: 'MCFG', 'A M I', Rev: 1, Len: 60
31:983  0:000    5. 85F99400: 'WSMT', 'A M I', Rev: 1, Len: 40
31:983  0:000    6. 85F8C6C8: 'SSDT', 'CpuSsdt', Rev: 2, Len: 6940
31:983  0:000    7. 85F8E1E8: 'SSDT', 'SaSsdt', Rev: 2, Len: 12966
31:983  0:000    8. 85F91490: 'HPET', 'A M I', Rev: 1, Len: 56
31:983  0:000    9. 85F914C8: 'SSDT', 'Ther_Rvp', Rev: 2, Len: 4014
31:983  0:000    10. 85F92478: 'SSDT', 'xh_cfsd4', Rev: 2, Len: 12235
31:983  0:000    11. 85F95448: 'UEFI', 'A M I', Rev: 1, Len: 66
31:983  0:000    12. 85F95490: 'LPIT', 'A M I', Rev: 1, Len: 148
31:983  0:000    13. 85F95528: 'SSDT', 'PtidDevc', Rev: 2, Len: 10206
31:983  0:000    14. 85F97D08: 'SSDT', 'TbtTypeC', Rev: 2, Len: 5346
31:983  0:000    15. 85F991F0: 'DBGP', 'A M I', Rev: 1, Len: 52
31:983  0:000    16. 85F99228: 'DBG2', 'A M I', Rev: 0, Len: 84
31:983  0:000    17. 85F99280: 'SSDT', 'ADebTabl', Rev: 2, Len: 324
31:983  0:000    18. 85F993C8: 'BGRT', 'A M I', Rev: 1, Len: 56
52:806  20:822  Boot option Boot0000 not found
52:806  0:000  === [ StartLoader ] =======================================
52:806  0:000  Finally: ExternalClock=26MHz BusSpeed=100301kHz CPUFreq=2808MHz PIS: hw.busfrequency=104000000Hz
52:806  0:000  Loading boot.efi  status=Success
52:903  0:096  GetOSVersion: 10.14.4 (18E226)
52:903  0:000  CSR_CFG: CSR_ALLOW_UNTRUSTED_KEXTS | CSR_ALLOW_UNRESTRICTED_FS
52:903  0:000  Filtering KextPatches:
52:903  0:000   - [00]: com.apple.driver.usb.AppleUSBXHCI (Port limit increase) :: BinPatch :: [OS: 10.14.4 | MatchOS: 10.12.x | MatchBuild: All] ==> not allowed
52:903  0:000   - [01]: com.apple.driver.usb.AppleUSBXHCI (Port limit increase (RehabMan)) :: BinPatch :: [OS: 10.14.4 | MatchOS: 10.13.x | MatchBuild: All] ==> not allowed
52:903  0:000   - [02]: com.apple.driver.usb.AppleUSBXHCI (change 15 port limit to 26 in XHCI kext (credit PMHeart)) :: BinPatch :: [OS: 10.14.4 | MatchOS: 10.14.0 | MatchBuild: All] ==> disabled by user
52:903  0:000   - [03]: com.apple.driver.usb.AppleUSBXHCI (USB Port limit patch 10.14.1 18B45d (credits Ricky)) :: BinPatch :: [OS: 10.14.4 | MatchOS: 10.14.x | MatchBuild: All] ==> allowed
52:903  0:000   - [04]: AppleAHCIPort (External Icons Patch) :: BinPatch :: [OS: 10.14.4 | MatchOS: All | MatchBuild: All] ==> allowed
52:903  0:000  Will not patch boot.efi
52:903  0:000  EmuVariable InstallEmulation: orig vars copied, emu.var.services installed, CreateEvent VirtualAddressChange = Success, CreateEvent ExitBootServices = Success, set Status=Success
52:955  0:051  === [ PatchSmbios ] =======================================
52:955  0:000  insert table 9 for dev 0:0
52:955  0:000  insert table 9 for dev 0:0
52:956  0:001  Trusting SMBIOS...
52:956  0:000  Channels: 1
52:956  0:000  Interleave: 0 1 2 3 4 5 6 7 8 9 10 11 12 13 14 15 16 17 18 19 20 21 22 23
52:956  0:000   partNum=2666 C18 Series     
52:956  0:000  SMBIOS Type 17 Index = 0 => 0 0:
52:956  0:000  BANK 0 DIMM0 2666MHz 16384MB
52:956  0:000  SMBIOS Type 17 Index = 1 => 1 1:
52:956  0:000  BANK 0 DIMM1 EMPTY
52:956  0:000  mTotalSystemMemory = 16384
52:956  0:000  NumberOfMemoryDevices = 2
52:956  0:000  Type20[0]->End = 0xFFFFFF, Type17[0] = 0x4000
52:956  0:000  Table 131 is present, CPUType=31
52:956  0:000  Change to: 605
52:956  0:000  === [ PatchACPI ] =========================================
52:956  0:000  Xsdt reallocation done
52:956  0:000  old FADT length=114
52:956  0:000   SignatureFixup: 0xC5E96C35 -> 0x0
52:958  0:002  Apply DsdtFixMask=0x00000000
52:958  0:000     drop _DSM mask=0xFFFF
52:958  0:000  === [ FixBiosDsdt ] =======================================
52:959  0:000    0 replacements
52:960  0:001  PreCleanup XSDT: count=19, length=188
52:960  0:000  PreCleanup XSDT, corrected XSDT: count=19, length=188
52:960  0:000  === [ ACPIDropTables ] ====================================
52:960  0:000    0 replacements
52:960  0:000  Found OperationRegion(PNVS, SystemMemory, 86E02000, ...)
52:960  0:000    0 replacements
52:960  0:000  Found OperationRegion(SANV, SystemMemory, 863E4118, ...)
52:960  0:000    0 replacements
52:960  0:000    0 replacements
52:961  0:000    0 replacements
52:961  0:000    0 replacements
52:961  0:000    0 replacements
52:961  0:000  Found OperationRegion(ADHD, SystemMemory, 84BEF000, ...)
52:961  0:000  Found OperationRegion(ABLK, SystemMemory, 84BEF020, ...)
52:961  0:000  CPUBase=0 and ApicCPUBase=1 ApicCPUNum=1
52:961  0:000  Cleanup XSDT: count=19, length=188
52:961  0:000  corrected XSDT count=19, length=188
52:961  0:000  === [ RestSetup macOS ] ===================================
52:961  0:000  --- Custom EDID Table size:128
52:961  0:000  000  |  00  FF  FF  FF  FF  FF  FF  00  31  D8
52:961  0:000  010  |  00  00  00  00  00  00  05  16  01  03
52:961  0:000  020  |  6D  32  1C  78  EA  5E  C0  A4  59  4A
52:961  0:000  030  |  98  25  20  50  54  00  00  00  D1  C0
52:961  0:000  040  |  01  01  01  01  01  01  01  01  01  01
52:961  0:000  050  |  01  01  01  01  02  3A  80  18  71  38
52:961  0:000  060  |  2D  40  58  2C  45  00  F4  19  11  00
52:961  0:000  070  |  00  1E  00  00  00  FF  00  4C  69  6E
52:961  0:000  080  |  75  78  20  23  30  0A  20  20  20  20
52:961  0:000  090  |  00  00  00  FD  00  3B  3D  42  44  0F
52:961  0:000  100  |  00  0A  20  20  20  20  20  20  00  00
52:961  0:000  110  |  00  FC  00  4C  69  6E  75  78  20  46
52:961  0:000  120  |  48  44  0A  20  20  20  00  05
52:961  0:000  add device: PciRoot(0x0)/Pci(0x2,0x0)
52:961  0:000     Add key=framebuffer-patch-enable valuelen=4
52:961  0:000     Add key=framebuffer-con2-enable valuelen=4
52:961  0:000     Add key=framebuffer-con2-alldata valuelen=36
52:961  0:000     Add key=framebuffer-con1-enable valuelen=4
52:961  0:000     Add key=framebuffer-con1-alldata valuelen=36
52:961  0:000     Add key=framebuffer-con0-enable valuelen=4
52:961  0:000     Add key=framebuffer-con0-alldata valuelen=36
52:961  0:000     Add key=device-id valuelen=4
52:961  0:000     Add key=AAPL,ig-platform-id valuelen=4
52:961  0:000  add device: PciRoot(0x0)/Pci(0x1F,0x3)
52:961  0:000     Add key=layout-id valuelen=4
52:961  0:000     Add key=hda-gfx valuelen=10
52:961  0:000     Add key=PinConfigurations valuelen=1
52:961  0:000     Add key=MaximumBootBeepVolume valuelen=1
52:961  0:000  add device: PciRoot(0x0)/Pci(0x1D,0x0)/Pci(0x0,0x0)
52:961  0:000     Add key=built-in valuelen=1
52:961  0:000  add device: PciRoot(0x0)/Pci(0x14,0x0)
52:961  0:000     Add key=device_type valuelen=4
52:961  0:000     Add key=built-in valuelen=1
52:961  0:000     Add key=AAPL,current-in-sleep valuelen=2
52:961  0:000     Add key=AAPL,current-extra valuelen=2
52:961  0:000     Add key=AAPL,current-available valuelen=2
52:961  0:000  Intel GFX injection not set
52:961  0:000   RCBA disabled; cannot use it
52:961  0:000  stringlength = 3268
52:961  0:000  CurrentMode: Width=1280 Height=1024
52:961  0:000  Beginning FSInjection
FSInjectionInstall ...
- Our FSI_SIMPLE_FILE_SYSTEM_PROTOCOL installed on handle: 7F712798
FSInjectionInstall ...
- Our FSI_SIMPLE_FILE_SYSTEM_PROTOCOL installed on handle: 7F712798
52:962  0:000  Use origin smbios table type 1 guid.
52:968  0:005  Preparing kexts injection for arch=x86_64 from EFI\CLOVER\kexts\Other
52:968  0:000  Extra kext: EFI\CLOVER\kexts\Other\BrcmFirmwareRepo.kext (v.2.2.10)
52:971  0:002  Extra kext: EFI\CLOVER\kexts\Other\BrcmPatchRAM2.kext (v.2.2.10)
52:982  0:011  Extra kext: EFI\CLOVER\kexts\Other\FakeSMC.kext (v.1800)
52:986  0:003  Extra kext: EFI\CLOVER\kexts\Other\FakeSMC_CPUSensors.kext (v.1800)
52:988  0:001  Extra kext: EFI\CLOVER\kexts\Other\FakeSMC_ACPISensors.kext (v.1800)
52:990  0:002  Extra kext: EFI\CLOVER\kexts\Other\USBInjectAll.kext (v.0.7.1)
53:035  0:044  Extra kext: EFI\CLOVER\kexts\Other\RealtekRTL8111.kext (v.2.2.1)
53:037  0:002  Extra kext: EFI\CLOVER\kexts\Other\AirportBrcmFixup.kext (v.1.1.9)
53:041  0:003  Extra kext: EFI\CLOVER\kexts\Other\WhateverGreen.kext (v.1.2.8)
53:050  0:008  Extra kext: EFI\CLOVER\kexts\Other\AppleALC.kext (v.1.3.7)
53:146  0:096  Extra kext: EFI\CLOVER\kexts\Other\Lilu.kext (v.1.3.5)
53:149  0:002  Preparing kexts injection for arch=x86_64 from EFI\CLOVER\kexts\10.14
53:151  0:001  SetScreenResolution: 1280x1024 - already set
53:151  0:000  Custom boot is disabled
53:151  0:000  Closing log
